0 info it worked if it ends with ok
1 verbose cli [ 'D:\\Develop\\nodejs\\node.exe',
1 verbose cli   'D:\\Develop\\nodejs\\node_modules\\npm\\bin\\npm-cli.js',
1 verbose cli   'run',
1 verbose cli   'dev' ]
2 info using npm@6.9.0
3 info using node@v10.15.1
4 verbose run-script [ 'predev', 'dev', 'postdev' ]
5 info lifecycle course-management@1.0.0~predev: course-management@1.0.0
6 info lifecycle course-management@1.0.0~dev: course-management@1.0.0
7 verbose lifecycle course-management@1.0.0~dev: unsafe-perm in lifecycle true
8 verbose lifecycle course-management@1.0.0~dev: PATH: D:\Develop\nodejs\node_modules\npm\node_modules\npm-lifecycle\node-gyp-bin;D:\Vue\course-management\node_modules\.bin;C:\ProgramData\Oracle\Java\javapath;C:\windows\system32;C:\windows;C:\windows\System32\Wbem;C:\windows\System32\WindowsPowerShell\v1.0\;D:\Java\jdk1.8.0_144\bin;D:\Develop\nodejs\node_global\node_modules;C:\Program Files\MySQL\MySQL Utilities 1.6\;D:\react native\pyson;"%ANDROID_SDK_HOME%\platform-tools;%ANDROID_SDK_HOME%\tools";D:\Develop\nodejs\;D:\Develop\nodejs\node_global;D:\360\Microsoft VS Code\bin;C:\Users\Administrator\AppData\Local\Microsoft\WindowsApps;D:\软件\Microsoft VS Code\bin;D:\webStorm\WebStorm 2018.3.3\bin;;D:\Develop\nodejs\node_global;
9 verbose lifecycle course-management@1.0.0~dev: CWD: D:\Vue\course-management
10 silly lifecycle course-management@1.0.0~dev: Args: [ '/d /s /c',
10 silly lifecycle   'webpack-dev-server --inline --progress --config build/webpack.dev.conf.js' ]
11 silly lifecycle course-management@1.0.0~dev: Returned: code: 1  signal: null
12 info lifecycle course-management@1.0.0~dev: Failed to exec dev script
13 verbose stack Error: course-management@1.0.0 dev: `webpack-dev-server --inline --progress --config build/webpack.dev.conf.js`
13 verbose stack Exit status 1
13 verbose stack     at EventEmitter.<anonymous> (D:\Develop\nodejs\node_modules\npm\node_modules\npm-lifecycle\index.js:301:16)
13 verbose stack     at EventEmitter.emit (events.js:189:13)
13 verbose stack     at ChildProcess.<anonymous> (D:\Develop\nodejs\node_modules\npm\node_modules\npm-lifecycle\lib\spawn.js:55:14)
13 verbose stack     at ChildProcess.emit (events.js:189:13)
13 verbose stack     at maybeClose (internal/child_process.js:970:16)
13 verbose stack     at Process.ChildProcess._handle.onexit (internal/child_process.js:259:5)
14 verbose pkgid course-management@1.0.0
15 verbose cwd D:\Vue\course-management
16 verbose Windows_NT 10.0.16299
17 verbose argv "D:\\Develop\\nodejs\\node.exe" "D:\\Develop\\nodejs\\node_modules\\npm\\bin\\npm-cli.js" "run" "dev"
18 verbose node v10.15.1
19 verbose npm  v6.9.0
20 error code ELIFECYCLE
21 error errno 1
22 error course-management@1.0.0 dev: `webpack-dev-server --inline --progress --config build/webpack.dev.conf.js`
22 error Exit status 1
23 error Failed at the course-management@1.0.0 dev script.
23 error This is probably not a problem with npm. There is likely additional logging output above.
24 verbose exit [ 1, true ]
